c:\users\datdo\desktop\hack 'n' slash\hack 'n' slash\x64\debug\vc143.pdb
c:\users\datdo\desktop\hack 'n' slash\hack 'n' slash\x64\debug\vc143.idb
c:\users\datdo\desktop\hack 'n' slash\hack 'n' slash\x64\debug\wall.obj
c:\users\datdo\desktop\hack 'n' slash\hack 'n' slash\x64\debug\timecontroller.obj
c:\users\datdo\desktop\hack 'n' slash\hack 'n' slash\x64\debug\res_path.obj
c:\users\datdo\desktop\hack 'n' slash\hack 'n' slash\x64\debug\randomnumber.obj
c:\users\datdo\desktop\hack 'n' slash\hack 'n' slash\x64\debug\main.obj
c:\users\datdo\desktop\hack 'n' slash\hack 'n' slash\x64\debug\livingentity.obj
c:\users\datdo\desktop\hack 'n' slash\hack 'n' slash\x64\debug\keyboardinput.obj
c:\users\datdo\desktop\hack 'n' slash\hack 'n' slash\x64\debug\hero.obj
c:\users\datdo\desktop\hack 'n' slash\hack 'n' slash\x64\debug\groupbuilder.obj
c:\users\datdo\desktop\hack 'n' slash\hack 'n' slash\x64\debug\globals.obj
c:\users\datdo\desktop\hack 'n' slash\hack 'n' slash\x64\debug\game.obj
c:\users\datdo\desktop\hack 'n' slash\hack 'n' slash\x64\debug\frame.obj
c:\users\datdo\desktop\hack 'n' slash\hack 'n' slash\x64\debug\entity.obj
c:\users\datdo\desktop\hack 'n' slash\hack 'n' slash\x64\debug\drawing_functions.obj
c:\users\datdo\desktop\hack 'n' slash\hack 'n' slash\x64\debug\cleanup.obj
c:\users\datdo\desktop\hack 'n' slash\hack 'n' slash\x64\debug\animationset.obj
c:\users\datdo\desktop\hack 'n' slash\hack 'n' slash\x64\debug\animation.obj
c:\users\datdo\desktop\hack 'n' slash\x64\debug\hack 'n' slash.exe
c:\users\datdo\desktop\hack 'n' slash\x64\debug\hack 'n' slash.pdb
c:\users\datdo\desktop\hack 'n' slash\hack 'n' slash\x64\debug\hack 'n' slash.ilk
c:\users\datdo\desktop\hack 'n' slash\hack 'n' slash\x64\debug\hack 'n' slash.tlog\cl.command.1.tlog
c:\users\datdo\desktop\hack 'n' slash\hack 'n' slash\x64\debug\hack 'n' slash.tlog\cl.items.tlog
c:\users\datdo\desktop\hack 'n' slash\hack 'n' slash\x64\debug\hack 'n' slash.tlog\cl.read.1.tlog
c:\users\datdo\desktop\hack 'n' slash\hack 'n' slash\x64\debug\hack 'n' slash.tlog\cl.write.1.tlog
c:\users\datdo\desktop\hack 'n' slash\hack 'n' slash\x64\debug\hack 'n' slash.tlog\link.command.1.tlog
c:\users\datdo\desktop\hack 'n' slash\hack 'n' slash\x64\debug\hack 'n' slash.tlog\link.read.1.tlog
c:\users\datdo\desktop\hack 'n' slash\hack 'n' slash\x64\debug\hack 'n' slash.tlog\link.secondary.1.tlog
c:\users\datdo\desktop\hack 'n' slash\hack 'n' slash\x64\debug\hack 'n' slash.tlog\link.write.1.tlog
